c:\workspace\hae_gp2\mt_case\app\debug\vc141.pdb
c:\workspace\hae_gp2\mt_case\app\debug\vc141.idb
c:\workspace\hae_gp2\mt_case\app\debug\lib.obj
c:\workspace\hae_gp2\mt_case\app\debug\game.obj
c:\workspace\hae_gp2\mt_case\app\debug\app.obj
c:\workspace\florian\hae_florian_gp2\mt_case\app\debug\vc141.pdb
c:\workspace\florian\hae_florian_gp2\mt_case\app\debug\vc141.idb
c:\workspace\florian\hae_florian_gp2\mt_case\app\debug\lib.obj
c:\workspace\florian\hae_florian_gp2\mt_case\app\debug\game.obj
c:\workspace\florian\hae_florian_gp2\mt_case\app\debug\app.obj
c:\workspace\florian\hae_florian_gp2\mt_case\app\debug\entity.obj
c:\workspace\hae_gp2\mt_case\app\debug\app.ilk
c:\workspace\hae_gp2\mt_case\app\debug\app.exe
c:\workspace\hae_gp2\mt_case\app\debug\app.pdb
c:\workspace\florian\hae_florian_gp2\mt_case\app\debug\app.pdb
c:\workspace\florian\hae_florian_gp2\mt_case\app\debug\externbox2d.pdb
c:\workspace\florian\hae_florian_gp2\mt_case\app\debug\app.tlog\cl.command.1.tlog
c:\workspace\florian\hae_florian_gp2\mt_case\app\debug\app.tlog\cl.read.1.tlog
c:\workspace\florian\hae_florian_gp2\mt_case\app\debug\app.tlog\cl.write.1.tlog
c:\workspace\florian\hae_florian_gp2\mt_case\app\debug\app.tlog\link-cvtres.read.1.tlog
c:\workspace\florian\hae_florian_gp2\mt_case\app\debug\app.tlog\link-cvtres.write.1.tlog
c:\workspace\florian\hae_florian_gp2\mt_case\app\debug\app.tlog\link-rc.read.1.tlog
c:\workspace\florian\hae_florian_gp2\mt_case\app\debug\app.tlog\link-rc.write.1.tlog
c:\workspace\florian\hae_florian_gp2\mt_case\app\debug\app.tlog\link.17360-cvtres.read.1.tlog
c:\workspace\florian\hae_florian_gp2\mt_case\app\debug\app.tlog\link.17360-cvtres.write.1.tlog
c:\workspace\florian\hae_florian_gp2\mt_case\app\debug\app.tlog\link.17360-rc.read.1.tlog
c:\workspace\florian\hae_florian_gp2\mt_case\app\debug\app.tlog\link.17360-rc.write.1.tlog
c:\workspace\florian\hae_florian_gp2\mt_case\app\debug\app.tlog\link.17360.read.1.tlog
c:\workspace\florian\hae_florian_gp2\mt_case\app\debug\app.tlog\link.17360.write.1.tlog
c:\workspace\florian\hae_florian_gp2\mt_case\app\debug\app.tlog\link.command.1.tlog
c:\workspace\florian\hae_florian_gp2\mt_case\app\debug\app.tlog\link.read.1.tlog
c:\workspace\florian\hae_florian_gp2\mt_case\app\debug\app.tlog\link.write.1.tlog
